07/05/2023 20:33:29.967 [main] INFO  testCases.TC_003_LoginDataDrivenTest - *** Starting TC_003_LoginDataDrivenTest ***
07/05/2023 20:33:30.044 [main] INFO  testCases.TC_003_LoginDataDrivenTest - Clicked on My Account link
07/05/2023 20:33:30.590 [main] INFO  testCases.TC_003_LoginDataDrivenTest - Clicked on Login link
07/05/2023 20:33:30.590 [main] INFO  testCases.TC_003_LoginDataDrivenTest - Providing login data
07/05/2023 20:33:31.292 [main] INFO  testCases.TC_003_LoginDataDrivenTest - Clicked on Login button
07/05/2023 20:33:31.292 [main] INFO  testCases.TC_003_LoginDataDrivenTest - Validating My Account Page exists
07/05/2023 20:33:41.343 [main] INFO  testCases.TC_003_LoginDataDrivenTest - *** Finished TC_002_LoginTest ***
07/05/2023 20:33:41.356 [main] INFO  testCases.TC_003_LoginDataDrivenTest - *** Starting TC_003_LoginDataDrivenTest ***
07/05/2023 20:33:41.397 [main] INFO  testCases.TC_003_LoginDataDrivenTest - Clicked on My Account link
07/05/2023 20:33:41.894 [main] INFO  testCases.TC_003_LoginDataDrivenTest - Clicked on Login link
07/05/2023 20:33:41.894 [main] INFO  testCases.TC_003_LoginDataDrivenTest - Providing login data
07/05/2023 20:33:42.556 [main] INFO  testCases.TC_003_LoginDataDrivenTest - Clicked on Login button
07/05/2023 20:33:42.556 [main] INFO  testCases.TC_003_LoginDataDrivenTest - Validating My Account Page exists
07/05/2023 20:33:52.600 [main] INFO  testCases.TC_003_LoginDataDrivenTest - *** Finished TC_002_LoginTest ***
07/05/2023 20:33:52.603 [main] INFO  testCases.TC_003_LoginDataDrivenTest - *** Starting TC_003_LoginDataDrivenTest ***
07/05/2023 20:33:52.641 [main] INFO  testCases.TC_003_LoginDataDrivenTest - Clicked on My Account link
07/05/2023 20:33:53.899 [main] INFO  testCases.TC_003_LoginDataDrivenTest - Clicked on Login link
07/05/2023 20:33:53.899 [main] INFO  testCases.TC_003_LoginDataDrivenTest - Providing login data
07/05/2023 20:33:54.575 [main] INFO  testCases.TC_003_LoginDataDrivenTest - Clicked on Login button
07/05/2023 20:33:54.575 [main] INFO  testCases.TC_003_LoginDataDrivenTest - Validating My Account Page exists
07/05/2023 20:34:04.585 [main] INFO  testCases.TC_003_LoginDataDrivenTest - *** Finished TC_002_LoginTest ***
07/05/2023 20:34:04.588 [main] INFO  testCases.TC_003_LoginDataDrivenTest - *** Starting TC_003_LoginDataDrivenTest ***
07/05/2023 20:34:04.628 [main] INFO  testCases.TC_003_LoginDataDrivenTest - Clicked on My Account link
07/05/2023 20:34:05.823 [main] INFO  testCases.TC_003_LoginDataDrivenTest - Clicked on Login link
07/05/2023 20:34:05.823 [main] INFO  testCases.TC_003_LoginDataDrivenTest - Providing login data
07/05/2023 20:34:06.857 [main] INFO  testCases.TC_003_LoginDataDrivenTest - Clicked on Login button
07/05/2023 20:34:06.857 [main] INFO  testCases.TC_003_LoginDataDrivenTest - Validating My Account Page exists
07/05/2023 20:34:08.297 [main] INFO  testCases.TC_003_LoginDataDrivenTest - *** Finished TC_002_LoginTest ***
07/05/2023 20:34:08.300 [main] INFO  testCases.TC_003_LoginDataDrivenTest - *** Starting TC_003_LoginDataDrivenTest ***
07/05/2023 20:34:08.345 [main] INFO  testCases.TC_003_LoginDataDrivenTest - Clicked on My Account link
07/05/2023 20:34:08.832 [main] INFO  testCases.TC_003_LoginDataDrivenTest - Clicked on Login link
07/05/2023 20:34:08.832 [main] INFO  testCases.TC_003_LoginDataDrivenTest - Providing login data
07/05/2023 20:34:09.514 [main] INFO  testCases.TC_003_LoginDataDrivenTest - Clicked on Login button
07/05/2023 20:34:09.514 [main] INFO  testCases.TC_003_LoginDataDrivenTest - Validating My Account Page exists
07/05/2023 20:34:19.565 [main] INFO  testCases.TC_003_LoginDataDrivenTest - *** Finished TC_002_LoginTest ***
08/05/2023 21:25:04.516 [main] INFO  testCases.TC_001_AccountRegitrationTest - *** Starting TC_001_AccountRegistrationTest ***
08/05/2023 21:25:04.637 [main] INFO  testCases.TC_001_AccountRegitrationTest - Clicked on My Account link
08/05/2023 21:25:05.657 [main] INFO  testCases.TC_001_AccountRegitrationTest - Clicked on Register link
08/05/2023 21:25:05.657 [main] INFO  testCases.TC_001_AccountRegitrationTest - Providing customer data
08/05/2023 21:25:07.706 [main] INFO  testCases.TC_001_AccountRegitrationTest - Clicked on Continue button
08/05/2023 21:25:07.706 [main] INFO  testCases.TC_001_AccountRegitrationTest - Validating expected message
08/05/2023 21:25:07.778 [main] INFO  testCases.TC_001_AccountRegitrationTest - *** Finished TC_001_AccountRegistrationTest ***
08/05/2023 21:25:13.994 [main] INFO  testCases.TC_002_LoginTest - *** Starting TC_002_LoginTest ***
08/05/2023 21:25:14.083 [main] INFO  testCases.TC_002_LoginTest - Clicked on My Account link
08/05/2023 21:25:14.730 [main] INFO  testCases.TC_002_LoginTest - Clicked on Login link
08/05/2023 21:25:14.731 [main] INFO  testCases.TC_002_LoginTest - Providing login data
08/05/2023 21:25:16.048 [main] INFO  testCases.TC_002_LoginTest - Clicked on Login button
08/05/2023 21:25:16.048 [main] INFO  testCases.TC_002_LoginTest - Validating My Account Page exists
08/05/2023 21:25:16.110 [main] INFO  testCases.TC_002_LoginTest - *** Finished TC_002_LoginTest ***
09/05/2023 20:33:15.397 [main] INFO  testCases.TC_001_AccountRegitrationTest - *** Starting TC_001_AccountRegistrationTest ***
09/05/2023 20:33:15.485 [main] INFO  testCases.TC_001_AccountRegitrationTest - Clicked on My Account link
09/05/2023 20:33:16.409 [main] INFO  testCases.TC_001_AccountRegitrationTest - Clicked on Register link
09/05/2023 20:33:16.409 [main] INFO  testCases.TC_001_AccountRegitrationTest - Providing customer data
09/05/2023 20:33:18.053 [main] INFO  testCases.TC_001_AccountRegitrationTest - Clicked on Continue button
09/05/2023 20:33:18.053 [main] INFO  testCases.TC_001_AccountRegitrationTest - Validating expected message
09/05/2023 20:33:18.090 [main] INFO  testCases.TC_001_AccountRegitrationTest - *** Finished TC_001_AccountRegistrationTest ***
09/05/2023 20:33:22.999 [main] INFO  testCases.TC_002_LoginTest - *** Starting TC_002_LoginTest ***
09/05/2023 20:33:23.068 [main] INFO  testCases.TC_002_LoginTest - Clicked on My Account link
09/05/2023 20:33:23.591 [main] INFO  testCases.TC_002_LoginTest - Clicked on Login link
09/05/2023 20:33:23.591 [main] INFO  testCases.TC_002_LoginTest - Providing login data
09/05/2023 20:33:24.673 [main] INFO  testCases.TC_002_LoginTest - Clicked on Login button
09/05/2023 20:33:24.674 [main] INFO  testCases.TC_002_LoginTest - Validating My Account Page exists
09/05/2023 20:33:24.722 [main] INFO  testCases.TC_002_LoginTest - *** Finished TC_002_LoginTest ***
09/05/2023 20:37:15.986 [main] INFO  testCases.TC_001_AccountRegitrationTest - *** Starting TC_001_AccountRegistrationTest ***
09/05/2023 20:37:16.083 [main] INFO  testCases.TC_001_AccountRegitrationTest - Clicked on My Account link
09/05/2023 20:37:17.027 [main] INFO  testCases.TC_001_AccountRegitrationTest - Clicked on Register link
09/05/2023 20:37:17.027 [main] INFO  testCases.TC_001_AccountRegitrationTest - Providing customer data
09/05/2023 20:37:18.543 [main] INFO  testCases.TC_001_AccountRegitrationTest - Clicked on Continue button
09/05/2023 20:37:18.543 [main] INFO  testCases.TC_001_AccountRegitrationTest - Validating expected message
09/05/2023 20:37:18.582 [main] INFO  testCases.TC_001_AccountRegitrationTest - *** Finished TC_001_AccountRegistrationTest ***
09/05/2023 20:37:23.552 [main] INFO  testCases.TC_002_LoginTest - *** Starting TC_002_LoginTest ***
09/05/2023 20:37:23.614 [main] INFO  testCases.TC_002_LoginTest - Clicked on My Account link
09/05/2023 20:37:24.140 [main] INFO  testCases.TC_002_LoginTest - Clicked on Login link
09/05/2023 20:37:24.140 [main] INFO  testCases.TC_002_LoginTest - Providing login data
09/05/2023 20:37:25.256 [main] INFO  testCases.TC_002_LoginTest - Clicked on Login button
09/05/2023 20:37:25.256 [main] INFO  testCases.TC_002_LoginTest - Validating My Account Page exists
09/05/2023 20:37:25.300 [main] INFO  testCases.TC_002_LoginTest - *** Finished TC_002_LoginTest ***
09/05/2023 21:27:13.422 [main] INFO  testCases.TC_001_AccountRegitrationTest - *** Starting TC_001_AccountRegistrationTest ***
09/05/2023 21:27:13.603 [main] INFO  testCases.TC_001_AccountRegitrationTest - Clicked on My Account link
09/05/2023 21:27:14.632 [main] INFO  testCases.TC_001_AccountRegitrationTest - Clicked on Register link
09/05/2023 21:27:14.633 [main] INFO  testCases.TC_001_AccountRegitrationTest - Providing customer data
09/05/2023 21:27:16.426 [main] INFO  testCases.TC_001_AccountRegitrationTest - Clicked on Continue button
09/05/2023 21:27:16.426 [main] INFO  testCases.TC_001_AccountRegitrationTest - Validating expected message
09/05/2023 21:27:16.467 [main] INFO  testCases.TC_001_AccountRegitrationTest - *** Finished TC_001_AccountRegistrationTest ***
09/05/2023 21:27:22.128 [main] INFO  testCases.TC_002_LoginTest - *** Starting TC_002_LoginTest ***
09/05/2023 21:27:22.204 [main] INFO  testCases.TC_002_LoginTest - Clicked on My Account link
09/05/2023 21:27:22.735 [main] INFO  testCases.TC_002_LoginTest - Clicked on Login link
09/05/2023 21:27:22.735 [main] INFO  testCases.TC_002_LoginTest - Providing login data
09/05/2023 21:27:23.869 [main] INFO  testCases.TC_002_LoginTest - Clicked on Login button
09/05/2023 21:27:23.869 [main] INFO  testCases.TC_002_LoginTest - Validating My Account Page exists
09/05/2023 21:27:23.936 [main] INFO  testCases.TC_002_LoginTest - *** Finished TC_002_LoginTest ***
09/05/2023 21:34:52.055 [main] INFO  testCases.TC_001_AccountRegitrationTest - *** Starting TC_001_AccountRegistrationTest ***
09/05/2023 21:34:52.158 [main] INFO  testCases.TC_001_AccountRegitrationTest - Clicked on My Account link
09/05/2023 21:34:53.078 [main] INFO  testCases.TC_001_AccountRegitrationTest - Clicked on Register link
09/05/2023 21:34:53.078 [main] INFO  testCases.TC_001_AccountRegitrationTest - Providing customer data
09/05/2023 21:34:54.593 [main] INFO  testCases.TC_001_AccountRegitrationTest - Clicked on Continue button
09/05/2023 21:34:54.593 [main] INFO  testCases.TC_001_AccountRegitrationTest - Validating expected message
09/05/2023 21:34:54.636 [main] INFO  testCases.TC_001_AccountRegitrationTest - *** Finished TC_001_AccountRegistrationTest ***
09/05/2023 21:34:59.878 [main] INFO  testCases.TC_002_LoginTest - *** Starting TC_002_LoginTest ***
09/05/2023 21:34:59.954 [main] INFO  testCases.TC_002_LoginTest - Clicked on My Account link
09/05/2023 21:35:00.502 [main] INFO  testCases.TC_002_LoginTest - Clicked on Login link
09/05/2023 21:35:00.502 [main] INFO  testCases.TC_002_LoginTest - Providing login data
09/05/2023 21:35:01.608 [main] INFO  testCases.TC_002_LoginTest - Clicked on Login button
09/05/2023 21:35:01.609 [main] INFO  testCases.TC_002_LoginTest - Validating My Account Page exists
09/05/2023 21:35:01.672 [main] INFO  testCases.TC_002_LoginTest - *** Finished TC_002_LoginTest ***
